{
  "uid" : "d3df0271f179d716",
  "name" : "test_decline_cookies",
  "fullName" : "python-tests.test_login#test_decline_cookies",
  "historyId" : "0969137086e22f64fb5f0405e5288f6f",
  "time" : {
    "start" : 1627157725907,
    "stop" : 1627157726999,
    "duration" : 1092
  },
  "status" : "failed",
  "statusMessage" : "AssertionError: assert 0 > 0\n +  where 0 = len([])",
  "statusTrace" : "browser = <selenium.webdriver.chrome.webdriver.WebDriver (session=\"0c437244acf95f251f357c710072e934\")>\n\n    def test_decline_cookies(browser):\n        time.sleep(1)\n        decline_buttons = browser.find_elements_by_xpath('//div[@class=\"cookie__bar__buttons\"]/button')\n>       assert (len(decline_buttons) > 0)\nE       assert 0 > 0\nE        +  where 0 = len([])\n\npython-tests/test_login.py:33: AssertionError",
  "flaky" : false,
  "newFailed" : false,
  "beforeStages" : [ {
    "name" : "browser",
    "time" : {
      "start" : 1627157717782,
      "stop" : 1627157725886,
      "duration" : 8104
    },
    "status" : "passed",
    "steps" : [ ],
    "attachments" : [ ],
    "parameters" : [ ],
    "stepsCount" : 0,
    "attachmentsCount" : 0,
    "shouldDisplayMessage" : false,
    "hasContent" : false
  } ],
  "testStage" : {
    "status" : "failed",
    "statusMessage" : "AssertionError: assert 0 > 0\n +  where 0 = len([])",
    "statusTrace" : "browser = <selenium.webdriver.chrome.webdriver.WebDriver (session=\"0c437244acf95f251f357c710072e934\")>\n\n    def test_decline_cookies(browser):\n        time.sleep(1)\n        decline_buttons = browser.find_elements_by_xpath('//div[@class=\"cookie__bar__buttons\"]/button')\n>       assert (len(decline_buttons) > 0)\nE       assert 0 > 0\nE        +  where 0 = len([])\n\npython-tests/test_login.py:33: AssertionError",
    "steps" : [ ],
    "attachments" : [ {
      "uid" : "c1f7757ed95d6faf",
      "name" : "log",
      "source" : "c1f7757ed95d6faf.txt",
      "type" : "text/plain",
      "size" : 642
    }, {
      "uid" : "55967ab6fbdaf3f1",
      "name" : "stderr",
      "source" : "55967ab6fbdaf3f1.txt",
      "type" : "text/plain",
      "size" : 498
    } ],
    "parameters" : [ ],
    "stepsCount" : 0,
    "attachmentsCount" : 2,
    "shouldDisplayMessage" : true,
    "hasContent" : true
  },
  "afterStages" : [ ],
  "labels" : [ {
    "name" : "parentSuite",
    "value" : "python-tests"
  }, {
    "name" : "suite",
    "value" : "test_login"
  }, {
    "name" : "host",
    "value" : "fv-az82-764"
  }, {
    "name" : "thread",
    "value" : "4086-MainThread"
  }, {
    "name" : "framework",
    "value" : "pytest"
  }, {
    "name" : "language",
    "value" : "cpython3"
  }, {
    "name" : "package",
    "value" : "python-tests.test_login"
  }, {
    "name" : "resultFormat",
    "value" : "allure2"
  } ],
  "parameters" : [ ],
  "links" : [ ],
  "hidden" : false,
  "retry" : false,
  "extra" : {
    "severity" : "normal",
    "retries" : [ ],
    "categories" : [ {
      "name" : "Product defects",
      "matchedStatuses" : [ ],
      "flaky" : false
    } ],
    "history" : {
      "statistic" : {
        "failed" : 2,
        "broken" : 0,
        "skipped" : 0,
        "passed" : 0,
        "unknown" : 0,
        "total" : 2
      },
      "items" : [ {
        "uid" : "97debfaf7482c422",
        "reportUrl" : "https://Pilinger.github.io/conduit/5//#testresult/97debfaf7482c422",
        "status" : "failed",
        "statusDetails" : "AssertionError: assert 0 > 0\n +  where 0 = len([])",
        "time" : {
          "start" : 1627075131682,
          "stop" : 1627075132806,
          "duration" : 1124
        }
      } ]
    },
    "tags" : [ ]
  },
  "source" : "d3df0271f179d716.json",
  "parameterValues" : [ ]
}