{
  "uid" : "97debfaf7482c422",
  "name" : "test_decline_cookies",
  "fullName" : "python-tests.test_login#test_decline_cookies",
  "historyId" : "0969137086e22f64fb5f0405e5288f6f",
  "time" : {
    "start" : 1627075131682,
    "stop" : 1627075132806,
    "duration" : 1124
  },
  "status" : "failed",
  "statusMessage" : "AssertionError: assert 0 > 0\n +  where 0 = len([])",
  "statusTrace" : "browser = <selenium.webdriver.chrome.webdriver.WebDriver (session=\"8b2af0dd24424aafc64e28177ca26c77\")>\n\n    def test_decline_cookies(browser):\n        time.sleep(1)\n        decline_buttons = browser.find_elements_by_xpath('//div[@class=\"cookie__bar__buttons\"]/button')\n>       assert (len(decline_buttons) > 0)\nE       assert 0 > 0\nE        +  where 0 = len([])\n\npython-tests/test_login.py:33: AssertionError",
  "flaky" : false,
  "newFailed" : false,
  "beforeStages" : [ {
    "name" : "browser",
    "time" : {
      "start" : 1627075118853,
      "stop" : 1627075131646,
      "duration" : 12793
    },
    "status" : "passed",
    "steps" : [ ],
    "attachments" : [ ],
    "parameters" : [ ],
    "stepsCount" : 0,
    "attachmentsCount" : 0,
    "shouldDisplayMessage" : false,
    "hasContent" : false
  } ],
  "testStage" : {
    "status" : "failed",
    "statusMessage" : "AssertionError: assert 0 > 0\n +  where 0 = len([])",
    "statusTrace" : "browser = <selenium.webdriver.chrome.webdriver.WebDriver (session=\"8b2af0dd24424aafc64e28177ca26c77\")>\n\n    def test_decline_cookies(browser):\n        time.sleep(1)\n        decline_buttons = browser.find_elements_by_xpath('//div[@class=\"cookie__bar__buttons\"]/button')\n>       assert (len(decline_buttons) > 0)\nE       assert 0 > 0\nE        +  where 0 = len([])\n\npython-tests/test_login.py:33: AssertionError",
    "steps" : [ ],
    "attachments" : [ {
      "uid" : "c08a74bdfc33f748",
      "name" : "log",
      "source" : "c08a74bdfc33f748.txt",
      "type" : "text/plain",
      "size" : 642
    }, {
      "uid" : "dc5a17572936fb91",
      "name" : "stderr",
      "source" : "dc5a17572936fb91.txt",
      "type" : "text/plain",
      "size" : 498
    } ],
    "parameters" : [ ],
    "stepsCount" : 0,
    "attachmentsCount" : 2,
    "shouldDisplayMessage" : true,
    "hasContent" : true
  },
  "afterStages" : [ ],
  "labels" : [ {
    "name" : "parentSuite",
    "value" : "python-tests"
  }, {
    "name" : "suite",
    "value" : "test_login"
  }, {
    "name" : "host",
    "value" : "fv-az82-764"
  }, {
    "name" : "thread",
    "value" : "4099-MainThread"
  }, {
    "name" : "framework",
    "value" : "pytest"
  }, {
    "name" : "language",
    "value" : "cpython3"
  }, {
    "name" : "package",
    "value" : "python-tests.test_login"
  }, {
    "name" : "resultFormat",
    "value" : "allure2"
  } ],
  "parameters" : [ ],
  "links" : [ ],
  "hidden" : false,
  "retry" : false,
  "extra" : {
    "severity" : "normal",
    "retries" : [ ],
    "categories" : [ {
      "name" : "Product defects",
      "matchedStatuses" : [ ],
      "flaky" : false
    } ],
    "tags" : [ ]
  },
  "source" : "97debfaf7482c422.json",
  "parameterValues" : [ ]
}