{
  "uid" : "a421d1a865d7a425",
  "name" : "test_decline_cookies",
  "fullName" : "python-tests.test_login#test_decline_cookies",
  "historyId" : "0969137086e22f64fb5f0405e5288f6f",
  "time" : {
    "start" : 1627162309561,
    "stop" : 1627162310581,
    "duration" : 1020
  },
  "status" : "failed",
  "statusMessage" : "AssertionError: assert 0 > 0\n +  where 0 = len([])",
  "statusTrace" : "browser = <selenium.webdriver.chrome.webdriver.WebDriver (session=\"f01950e5542a1d1b90282dffa5c40f01\")>\n\n    def test_decline_cookies(browser):\n        time.sleep(1)\n        decline_buttons = browser.find_elements_by_xpath('//div[@class=\"cookie__bar__buttons\"]/button')\n>       assert (len(decline_buttons) > 0)\nE       assert 0 > 0\nE        +  where 0 = len([])\n\npython-tests/test_login.py:33: AssertionError",
  "flaky" : false,
  "newFailed" : false,
  "beforeStages" : [ {
    "name" : "browser",
    "time" : {
      "start" : 1627162306981,
      "stop" : 1627162309505,
      "duration" : 2524
    },
    "status" : "passed",
    "steps" : [ ],
    "attachments" : [ ],
    "parameters" : [ ],
    "stepsCount" : 0,
    "attachmentsCount" : 0,
    "shouldDisplayMessage" : false,
    "hasContent" : false
  } ],
  "testStage" : {
    "status" : "failed",
    "statusMessage" : "AssertionError: assert 0 > 0\n +  where 0 = len([])",
    "statusTrace" : "browser = <selenium.webdriver.chrome.webdriver.WebDriver (session=\"f01950e5542a1d1b90282dffa5c40f01\")>\n\n    def test_decline_cookies(browser):\n        time.sleep(1)\n        decline_buttons = browser.find_elements_by_xpath('//div[@class=\"cookie__bar__buttons\"]/button')\n>       assert (len(decline_buttons) > 0)\nE       assert 0 > 0\nE        +  where 0 = len([])\n\npython-tests/test_login.py:33: AssertionError",
    "steps" : [ ],
    "attachments" : [ {
      "uid" : "ddc58ef1217f930d",
      "name" : "log",
      "source" : "ddc58ef1217f930d.txt",
      "type" : "text/plain",
      "size" : 642
    }, {
      "uid" : "672f8aadb9098f63",
      "name" : "stderr",
      "source" : "672f8aadb9098f63.txt",
      "type" : "text/plain",
      "size" : 435
    } ],
    "parameters" : [ ],
    "stepsCount" : 0,
    "attachmentsCount" : 2,
    "shouldDisplayMessage" : true,
    "hasContent" : true
  },
  "afterStages" : [ ],
  "labels" : [ {
    "name" : "parentSuite",
    "value" : "python-tests"
  }, {
    "name" : "suite",
    "value" : "test_login"
  }, {
    "name" : "host",
    "value" : "fv-az83-450"
  }, {
    "name" : "thread",
    "value" : "4168-MainThread"
  }, {
    "name" : "framework",
    "value" : "pytest"
  }, {
    "name" : "language",
    "value" : "cpython3"
  }, {
    "name" : "package",
    "value" : "python-tests.test_login"
  }, {
    "name" : "resultFormat",
    "value" : "allure2"
  } ],
  "parameters" : [ ],
  "links" : [ ],
  "hidden" : false,
  "retry" : false,
  "extra" : {
    "severity" : "normal",
    "retries" : [ ],
    "categories" : [ {
      "name" : "Product defects",
      "matchedStatuses" : [ ],
      "flaky" : false
    } ],
    "history" : {
      "statistic" : {
        "failed" : 2,
        "broken" : 0,
        "skipped" : 0,
        "passed" : 0,
        "unknown" : 0,
        "total" : 2
      },
      "items" : [ {
        "uid" : "1116279231aaaf84",
        "reportUrl" : "https://Pilinger.github.io/conduit/9//#testresult/1116279231aaaf84",
        "status" : "failed",
        "statusDetails" : "AssertionError: assert 0 > 0\n +  where 0 = len([])",
        "time" : {
          "start" : 1627162012744,
          "stop" : 1627162013838,
          "duration" : 1094
        }
      } ]
    },
    "tags" : [ ]
  },
  "source" : "a421d1a865d7a425.json",
  "parameterValues" : [ ]
}