{
  "uid" : "9495b9291d8db0d5",
  "name" : "test_new_article",
  "fullName" : "python-tests.test_login#test_new_article",
  "historyId" : "db77d835458e5402820760b56eea4b18",
  "time" : {
    "start" : 1627764909357,
    "stop" : 1627764926694,
    "duration" : 17337
  },
  "status" : "broken",
  "statusMessage" : "selenium.common.exceptions.TimeoutException: Message:",
  "statusTrace" : "browser_driver = <selenium.webdriver.chrome.webdriver.WebDriver (session=\"5792abbca60abd7407fa65f4ae7bcdb6\")>\n\n    def test_new_article(browser_driver):\n        # data for posting\n        article_title_str = 'This is a test article.'\n        article_about_str = 'This is about to test the posting method.'\n        article_markdown_str = \"I'm about to test the posting method of the conduit site.\"\n        article_tags_str = 'test,post'\n        # clicking the New Article button\n        new_article_xpath = '//a[@href=\"#/editor\"]'\n        browser_driver.find_element_by_xpath(new_article_xpath).click()\n        time.sleep(5)\n        # gathering the inputs and buttons\n        input_class_name = 'form-control form-control-lg'\n>       title_input = WebDriverWait(browser_driver,\n                                    12).until(EC.visibility_of_element_located((By.CLASS_NAME, input_class_name)))\n\npython-tests/test_login.py:95: \n_ _ _ _ _ _ _ _ _ _ _ _ _ _ _ _ _ _ _ _ _ _ _ _ _ _ _ _ _ _ _ _ _ _ _ _ _ _ _ _ \n\nself = <selenium.webdriver.support.wait.WebDriverWait (session=\"5792abbca60abd7407fa65f4ae7bcdb6\")>\nmethod = <selenium.webdriver.support.expected_conditions.visibility_of_element_located object at 0x7f9678b6e310>\nmessage = ''\n\n    def until(self, method, message=''):\n        \"\"\"Calls the method provided with the driver as an argument until the \\\n        return value is not False.\"\"\"\n        screen = None\n        stacktrace = None\n    \n        end_time = time.time() + self._timeout\n        while True:\n            try:\n                value = method(self._driver)\n                if value:\n                    return value\n            except self._ignored_exceptions as exc:\n                screen = getattr(exc, 'screen', None)\n                stacktrace = getattr(exc, 'stacktrace', None)\n            time.sleep(self._poll)\n            if time.time() > end_time:\n                break\n>       raise TimeoutException(message, screen, stacktrace)\nE       selenium.common.exceptions.TimeoutException: Message:\n\n/opt/hostedtoolcache/Python/3.9.6/x64/lib/python3.9/site-packages/selenium/webdriver/support/wait.py:80: TimeoutException",
  "flaky" : false,
  "newFailed" : false,
  "beforeStages" : [ {
    "name" : "browser_driver",
    "time" : {
      "start" : 1627764896335,
      "stop" : 1627764898818,
      "duration" : 2483
    },
    "status" : "passed",
    "steps" : [ ],
    "attachments" : [ ],
    "parameters" : [ ],
    "stepsCount" : 0,
    "attachmentsCount" : 0,
    "shouldDisplayMessage" : false,
    "hasContent" : false
  } ],
  "afterStages" : [ ],
  "labels" : [ {
    "name" : "parentSuite",
    "value" : "python-tests"
  }, {
    "name" : "suite",
    "value" : "test_login"
  }, {
    "name" : "host",
    "value" : "fv-az83-150"
  }, {
    "name" : "thread",
    "value" : "3730-MainThread"
  }, {
    "name" : "framework",
    "value" : "pytest"
  }, {
    "name" : "language",
    "value" : "cpython3"
  }, {
    "name" : "package",
    "value" : "python-tests.test_login"
  }, {
    "name" : "resultFormat",
    "value" : "allure2"
  } ],
  "parameters" : [ ],
  "links" : [ ],
  "hidden" : false,
  "retry" : false,
  "extra" : {
    "severity" : "normal",
    "retries" : [ ],
    "categories" : [ {
      "name" : "Test defects",
      "matchedStatuses" : [ ],
      "flaky" : false
    } ],
    "history" : {
      "statistic" : {
        "failed" : 0,
        "broken" : 3,
        "skipped" : 0,
        "passed" : 0,
        "unknown" : 0,
        "total" : 3
      },
      "items" : [ {
        "uid" : "11f4e72ea4725643",
        "reportUrl" : "https://Pilinger.github.io/conduit/22//#testresult/11f4e72ea4725643",
        "status" : "broken",
        "statusDetails" : "selenium.common.exceptions.NoSuchElementException: Message: no such element: Unable to locate element: {\"method\":\"css selector\",\"selector\":\".form-control form-control-lg\"}\n  (Session info: headless chrome=92.0.4515.107)",
        "time" : {
          "start" : 1627763717835,
          "stop" : 1627763722903,
          "duration" : 5068
        }
      }, {
        "uid" : "9d2ee304dd542366",
        "reportUrl" : "https://Pilinger.github.io/conduit/21//#testresult/9d2ee304dd542366",
        "status" : "broken",
        "statusDetails" : "selenium.common.exceptions.NoSuchElementException: Message: no such element: Unable to locate element: {\"method\":\"css selector\",\"selector\":\".form-control form-control-lg\"}\n  (Session info: headless chrome=92.0.4515.107)",
        "time" : {
          "start" : 1627763095686,
          "stop" : 1627763096754,
          "duration" : 1068
        }
      } ]
    },
    "tags" : [ ]
  },
  "source" : "9495b9291d8db0d5.json",
  "parameterValues" : [ ]
}