{
  "uid" : "1946121ff68c0dcf",
  "name" : "test_decline_cookies",
  "fullName" : "python-tests.test_login#test_decline_cookies",
  "historyId" : "0969137086e22f64fb5f0405e5288f6f",
  "time" : {
    "start" : 1627237581705,
    "stop" : 1627237582800,
    "duration" : 1095
  },
  "status" : "failed",
  "statusMessage" : "AssertionError: assert 0 > 0\n +  where 0 = len([])",
  "statusTrace" : "browser_driver = <selenium.webdriver.chrome.webdriver.WebDriver (session=\"92f454cb7687da8e0a8253e6160a1c5a\")>\n\n    def test_decline_cookies(browser_driver):\n        time.sleep(1)\n        decline_xpath = '//div[@class=\"cookie__bar__buttons\"]/button'\n        \"\"\"Wait or no\n        decline_buttons = WebDriverWait(browser_driver,\n                                        20).until(EC.visibility_of_any_elements_located((By.XPATH, decline_xpath)))\n        \"\"\"\n        decline_buttons = browser_driver.find_elements_by_xpath(decline_xpath)\n>       assert (len(decline_buttons) > 0)\nE       assert 0 > 0\nE        +  where 0 = len([])\n\npython-tests/test_login.py:38: AssertionError",
  "flaky" : false,
  "newFailed" : false,
  "beforeStages" : [ {
    "name" : "browser_driver",
    "time" : {
      "start" : 1627237573836,
      "stop" : 1627237581693,
      "duration" : 7857
    },
    "status" : "passed",
    "steps" : [ ],
    "attachments" : [ ],
    "parameters" : [ ],
    "stepsCount" : 0,
    "attachmentsCount" : 0,
    "shouldDisplayMessage" : false,
    "hasContent" : false
  } ],
  "testStage" : {
    "status" : "failed",
    "statusMessage" : "AssertionError: assert 0 > 0\n +  where 0 = len([])",
    "statusTrace" : "browser_driver = <selenium.webdriver.chrome.webdriver.WebDriver (session=\"92f454cb7687da8e0a8253e6160a1c5a\")>\n\n    def test_decline_cookies(browser_driver):\n        time.sleep(1)\n        decline_xpath = '//div[@class=\"cookie__bar__buttons\"]/button'\n        \"\"\"Wait or no\n        decline_buttons = WebDriverWait(browser_driver,\n                                        20).until(EC.visibility_of_any_elements_located((By.XPATH, decline_xpath)))\n        \"\"\"\n        decline_buttons = browser_driver.find_elements_by_xpath(decline_xpath)\n>       assert (len(decline_buttons) > 0)\nE       assert 0 > 0\nE        +  where 0 = len([])\n\npython-tests/test_login.py:38: AssertionError",
    "steps" : [ ],
    "attachments" : [ {
      "uid" : "c8e67d0108b49dc0",
      "name" : "log",
      "source" : "c8e67d0108b49dc0.txt",
      "type" : "text/plain",
      "size" : 642
    }, {
      "uid" : "e95fa45da55a2b7",
      "name" : "stderr",
      "source" : "e95fa45da55a2b7.txt",
      "type" : "text/plain",
      "size" : 435
    } ],
    "parameters" : [ ],
    "stepsCount" : 0,
    "attachmentsCount" : 2,
    "shouldDisplayMessage" : true,
    "hasContent" : true
  },
  "afterStages" : [ ],
  "labels" : [ {
    "name" : "parentSuite",
    "value" : "python-tests"
  }, {
    "name" : "suite",
    "value" : "test_login"
  }, {
    "name" : "host",
    "value" : "fv-az47-710"
  }, {
    "name" : "thread",
    "value" : "4096-MainThread"
  }, {
    "name" : "framework",
    "value" : "pytest"
  }, {
    "name" : "language",
    "value" : "cpython3"
  }, {
    "name" : "package",
    "value" : "python-tests.test_login"
  }, {
    "name" : "resultFormat",
    "value" : "allure2"
  } ],
  "parameters" : [ ],
  "links" : [ ],
  "hidden" : false,
  "retry" : false,
  "extra" : {
    "severity" : "normal",
    "retries" : [ ],
    "categories" : [ {
      "name" : "Product defects",
      "matchedStatuses" : [ ],
      "flaky" : false
    } ],
    "history" : {
      "statistic" : {
        "failed" : 4,
        "broken" : 3,
        "skipped" : 0,
        "passed" : 0,
        "unknown" : 0,
        "total" : 7
      },
      "items" : [ {
        "uid" : "dd8a832f5aff911e",
        "reportUrl" : "https://Pilinger.github.io/conduit/14//#testresult/dd8a832f5aff911e",
        "status" : "broken",
        "statusDetails" : "selenium.common.exceptions.WebDriverException: Message: unknown error: Chrome failed to start: exited abnormally.\n  (unknown error: DevToolsActivePort file doesn't exist)\n  (The process started from chrome location /usr/bin/google-chrome is no longer running, so ChromeDriver is assuming that Chrome has crashed.)",
        "time" : {
          "start" : 1627236914889,
          "stop" : 1627236914889,
          "duration" : 0
        }
      }, {
        "uid" : "fcff2b315674dd69",
        "reportUrl" : "https://Pilinger.github.io/conduit/13//#testresult/fcff2b315674dd69",
        "status" : "broken",
        "statusDetails" : "selenium.common.exceptions.TimeoutException: Message:",
        "time" : {
          "start" : 1627196033781,
          "stop" : 1627196054794,
          "duration" : 21013
        }
      }, {
        "uid" : "c1ffb2910be082a2",
        "reportUrl" : "https://Pilinger.github.io/conduit/12//#testresult/c1ffb2910be082a2",
        "status" : "broken",
        "statusDetails" : "selenium.common.exceptions.TimeoutException: Message:",
        "time" : {
          "start" : 1627195631451,
          "stop" : 1627195642918,
          "duration" : 11467
        }
      }, {
        "uid" : "82800c965d1e8b16",
        "reportUrl" : "https://Pilinger.github.io/conduit/11//#testresult/82800c965d1e8b16",
        "status" : "failed",
        "statusDetails" : "AssertionError: assert 0 > 0\n +  where 0 = len([])",
        "time" : {
          "start" : 1627194422003,
          "stop" : 1627194423021,
          "duration" : 1018
        }
      }, {
        "uid" : "a421d1a865d7a425",
        "reportUrl" : "https://Pilinger.github.io/conduit/10//#testresult/a421d1a865d7a425",
        "status" : "failed",
        "statusDetails" : "AssertionError: assert 0 > 0\n +  where 0 = len([])",
        "time" : {
          "start" : 1627162309561,
          "stop" : 1627162310581,
          "duration" : 1020
        }
      }, {
        "uid" : "1116279231aaaf84",
        "reportUrl" : "https://Pilinger.github.io/conduit/9//#testresult/1116279231aaaf84",
        "status" : "failed",
        "statusDetails" : "AssertionError: assert 0 > 0\n +  where 0 = len([])",
        "time" : {
          "start" : 1627162012744,
          "stop" : 1627162013838,
          "duration" : 1094
        }
      } ]
    },
    "tags" : [ ]
  },
  "source" : "1946121ff68c0dcf.json",
  "parameterValues" : [ ]
}