{
  "uid" : "f2bfad72a6e26d5d",
  "name" : "test_reg",
  "fullName" : "python-tests.test_registration#test_reg",
  "historyId" : "4bf156b4ca466472089adf7a47771fe8",
  "time" : {
    "start" : 1627239827813,
    "stop" : 1627239838975,
    "duration" : 11162
  },
  "status" : "broken",
  "statusMessage" : "selenium.common.exceptions.TimeoutException: Message:",
  "statusTrace" : "browser_driver = <selenium.webdriver.chrome.webdriver.WebDriver (session=\"83d1d3e93424fd1efde61767117d68d9\")>\n\n    def test_reg(browser_driver):\n        time.sleep(1)\n        register_xpath = '//a[@href=\"#/register\"]'\n        user_xpath = '//input[@placeholder=\"Username\"]'\n        user_li_xpath = '//*[@id=\"app\"]/nav/div/ul/li[4]/a'\n        email_xpath = '//input[@placeholder=\"Email\"]'\n        password_xpath = '//input[@placeholder=\"Password\"]'\n        user_name = 'testuser66'\n        password_str = 'Abcd123$'\n        email_end = '@example.com'\n>       sign_up = WebDriverWait(browser_driver, 10).until(EC.visibility_of_element_located((By.XPATH, register_xpath)))\n\npython-tests/test_registration.py:39: \n_ _ _ _ _ _ _ _ _ _ _ _ _ _ _ _ _ _ _ _ _ _ _ _ _ _ _ _ _ _ _ _ _ _ _ _ _ _ _ _ \n\nself = <selenium.webdriver.support.wait.WebDriverWait (session=\"83d1d3e93424fd1efde61767117d68d9\")>\nmethod = <selenium.webdriver.support.expected_conditions.visibility_of_element_located object at 0x7f4ed76cdb50>\nmessage = ''\n\n    def until(self, method, message=''):\n        \"\"\"Calls the method provided with the driver as an argument until the \\\n        return value is not False.\"\"\"\n        screen = None\n        stacktrace = None\n    \n        end_time = time.time() + self._timeout\n        while True:\n            try:\n                value = method(self._driver)\n                if value:\n                    return value\n            except self._ignored_exceptions as exc:\n                screen = getattr(exc, 'screen', None)\n                stacktrace = getattr(exc, 'stacktrace', None)\n            time.sleep(self._poll)\n            if time.time() > end_time:\n                break\n>       raise TimeoutException(message, screen, stacktrace)\nE       selenium.common.exceptions.TimeoutException: Message:\n\n/opt/hostedtoolcache/Python/3.9.6/x64/lib/python3.9/site-packages/selenium/webdriver/support/wait.py:80: TimeoutException",
  "flaky" : false,
  "newFailed" : false,
  "beforeStages" : [ {
    "name" : "browser_driver",
    "time" : {
      "start" : 1627239826316,
      "stop" : 1627239827812,
      "duration" : 1496
    },
    "status" : "passed",
    "steps" : [ ],
    "attachments" : [ ],
    "parameters" : [ ],
    "stepsCount" : 0,
    "attachmentsCount" : 0,
    "shouldDisplayMessage" : false,
    "hasContent" : false
  } ],
  "testStage" : {
    "status" : "broken",
    "statusMessage" : "selenium.common.exceptions.TimeoutException: Message:",
    "statusTrace" : "browser_driver = <selenium.webdriver.chrome.webdriver.WebDriver (session=\"83d1d3e93424fd1efde61767117d68d9\")>\n\n    def test_reg(browser_driver):\n        time.sleep(1)\n        register_xpath = '//a[@href=\"#/register\"]'\n        user_xpath = '//input[@placeholder=\"Username\"]'\n        user_li_xpath = '//*[@id=\"app\"]/nav/div/ul/li[4]/a'\n        email_xpath = '//input[@placeholder=\"Email\"]'\n        password_xpath = '//input[@placeholder=\"Password\"]'\n        user_name = 'testuser66'\n        password_str = 'Abcd123$'\n        email_end = '@example.com'\n>       sign_up = WebDriverWait(browser_driver, 10).until(EC.visibility_of_element_located((By.XPATH, register_xpath)))\n\npython-tests/test_registration.py:39: \n_ _ _ _ _ _ _ _ _ _ _ _ _ _ _ _ _ _ _ _ _ _ _ _ _ _ _ _ _ _ _ _ _ _ _ _ _ _ _ _ \n\nself = <selenium.webdriver.support.wait.WebDriverWait (session=\"83d1d3e93424fd1efde61767117d68d9\")>\nmethod = <selenium.webdriver.support.expected_conditions.visibility_of_element_located object at 0x7f4ed76cdb50>\nmessage = ''\n\n    def until(self, method, message=''):\n        \"\"\"Calls the method provided with the driver as an argument until the \\\n        return value is not False.\"\"\"\n        screen = None\n        stacktrace = None\n    \n        end_time = time.time() + self._timeout\n        while True:\n            try:\n                value = method(self._driver)\n                if value:\n                    return value\n            except self._ignored_exceptions as exc:\n                screen = getattr(exc, 'screen', None)\n                stacktrace = getattr(exc, 'stacktrace', None)\n            time.sleep(self._poll)\n            if time.time() > end_time:\n                break\n>       raise TimeoutException(message, screen, stacktrace)\nE       selenium.common.exceptions.TimeoutException: Message:\n\n/opt/hostedtoolcache/Python/3.9.6/x64/lib/python3.9/site-packages/selenium/webdriver/support/wait.py:80: TimeoutException",
    "steps" : [ ],
    "attachments" : [ {
      "uid" : "1aeac55de6a49f6b",
      "name" : "log",
      "source" : "1aeac55de6a49f6b.txt",
      "type" : "text/plain",
      "size" : 344
    }, {
      "uid" : "a96c1d462d9f74c0",
      "name" : "stderr",
      "source" : "a96c1d462d9f74c0.txt",
      "type" : "text/plain",
      "size" : 215
    } ],
    "parameters" : [ ],
    "stepsCount" : 0,
    "attachmentsCount" : 2,
    "shouldDisplayMessage" : true,
    "hasContent" : true
  },
  "afterStages" : [ ],
  "labels" : [ {
    "name" : "parentSuite",
    "value" : "python-tests"
  }, {
    "name" : "suite",
    "value" : "test_registration"
  }, {
    "name" : "host",
    "value" : "fv-az82-764"
  }, {
    "name" : "thread",
    "value" : "4078-MainThread"
  }, {
    "name" : "framework",
    "value" : "pytest"
  }, {
    "name" : "language",
    "value" : "cpython3"
  }, {
    "name" : "package",
    "value" : "python-tests.test_registration"
  }, {
    "name" : "resultFormat",
    "value" : "allure2"
  } ],
  "parameters" : [ ],
  "links" : [ ],
  "hidden" : false,
  "retry" : false,
  "extra" : {
    "severity" : "normal",
    "retries" : [ ],
    "categories" : [ {
      "name" : "Test defects",
      "matchedStatuses" : [ ],
      "flaky" : false
    } ],
    "history" : {
      "statistic" : {
        "failed" : 0,
        "broken" : 4,
        "skipped" : 0,
        "passed" : 4,
        "unknown" : 0,
        "total" : 8
      },
      "items" : [ {
        "uid" : "ab78b6808551de7f",
        "reportUrl" : "https://Pilinger.github.io/conduit/15//#testresult/ab78b6808551de7f",
        "status" : "broken",
        "statusDetails" : "selenium.common.exceptions.TimeoutException: Message:",
        "time" : {
          "start" : 1627237585532,
          "stop" : 1627237596805,
          "duration" : 11273
        }
      }, {
        "uid" : "b47cc86537308620",
        "reportUrl" : "https://Pilinger.github.io/conduit/14//#testresult/b47cc86537308620",
        "status" : "broken",
        "statusDetails" : "selenium.common.exceptions.TimeoutException: Message:",
        "time" : {
          "start" : 1627236922379,
          "stop" : 1627236933609,
          "duration" : 11230
        }
      }, {
        "uid" : "559ecec6addbac58",
        "reportUrl" : "https://Pilinger.github.io/conduit/13//#testresult/559ecec6addbac58",
        "status" : "passed",
        "time" : {
          "start" : 1627196078114,
          "stop" : 1627196085612,
          "duration" : 7498
        }
      }, {
        "uid" : "6029afbe4d38be19",
        "reportUrl" : "https://Pilinger.github.io/conduit/12//#testresult/6029afbe4d38be19",
        "status" : "passed",
        "time" : {
          "start" : 1627195656029,
          "stop" : 1627195663566,
          "duration" : 7537
        }
      }, {
        "uid" : "a43e12285a64a86c",
        "reportUrl" : "https://Pilinger.github.io/conduit/11//#testresult/a43e12285a64a86c",
        "status" : "passed",
        "time" : {
          "start" : 1627194435809,
          "stop" : 1627194443237,
          "duration" : 7428
        }
      }, {
        "uid" : "171a878bd31b9bfe",
        "reportUrl" : "https://Pilinger.github.io/conduit/10//#testresult/171a878bd31b9bfe",
        "status" : "broken",
        "statusDetails" : "selenium.common.exceptions.NoSuchElementException: Message: no such element: Unable to locate element: {\"method\":\"xpath\",\"selector\":\"//*[@id=\"app\"]/nav/div/ul/li[4]/a\"}\n  (Session info: headless chrome=91.0.4472.164)",
        "time" : {
          "start" : 1627162323397,
          "stop" : 1627162330791,
          "duration" : 7394
        }
      }, {
        "uid" : "3a3afcde0f9d63df",
        "reportUrl" : "https://Pilinger.github.io/conduit/9//#testresult/3a3afcde0f9d63df",
        "status" : "passed",
        "time" : {
          "start" : 1627162026929,
          "stop" : 1627162034451,
          "duration" : 7522
        }
      } ]
    },
    "tags" : [ ]
  },
  "source" : "f2bfad72a6e26d5d.json",
  "parameterValues" : [ ]
}