{
  "uid" : "66d799aa421c1355",
  "name" : "test_logging_in",
  "fullName" : "python-tests.test_login#test_logging_in",
  "historyId" : "8ba95d318c358efcd93bc8e88782d540",
  "time" : {
    "start" : 1627195642992,
    "stop" : 1627195654205,
    "duration" : 11213
  },
  "status" : "broken",
  "statusMessage" : "selenium.common.exceptions.TimeoutException: Message:",
  "statusTrace" : "browser_driver = <selenium.webdriver.chrome.webdriver.WebDriver (session=\"7999f75d7e0d6813819495ad7fc2e769\")>\n\n    def test_logging_in(browser_driver):\n        time.sleep(1)\n        login_xpath = '//a[@href=\"#/login\"]'\n        email_xpath = '//input[@placeholder=\"Email\"]'\n        password_xpath = '//input[@placeholder=\"Password\"]'\n        user_li_xpath = '//*[@id=\"app\"]/nav/div/ul/li[4]/a'\n        user_name = 'testuser1'\n        password_str = 'Abcd123$'\n        email_end = '@example.com'\n    \n>       login = WebDriverWait(browser_driver, 10).until(EC.visibility_of_element_located((By.XPATH, login_xpath)))\n\npython-tests/test_login.py:54: \n_ _ _ _ _ _ _ _ _ _ _ _ _ _ _ _ _ _ _ _ _ _ _ _ _ _ _ _ _ _ _ _ _ _ _ _ _ _ _ _ \n\nself = <selenium.webdriver.support.wait.WebDriverWait (session=\"7999f75d7e0d6813819495ad7fc2e769\")>\nmethod = <selenium.webdriver.support.expected_conditions.visibility_of_element_located object at 0x7f97e4503910>\nmessage = ''\n\n    def until(self, method, message=''):\n        \"\"\"Calls the method provided with the driver as an argument until the \\\n        return value is not False.\"\"\"\n        screen = None\n        stacktrace = None\n    \n        end_time = time.time() + self._timeout\n        while True:\n            try:\n                value = method(self._driver)\n                if value:\n                    return value\n            except self._ignored_exceptions as exc:\n                screen = getattr(exc, 'screen', None)\n                stacktrace = getattr(exc, 'stacktrace', None)\n            time.sleep(self._poll)\n            if time.time() > end_time:\n                break\n>       raise TimeoutException(message, screen, stacktrace)\nE       selenium.common.exceptions.TimeoutException: Message:\n\n/opt/hostedtoolcache/Python/3.9.6/x64/lib/python3.9/site-packages/selenium/webdriver/support/wait.py:80: TimeoutException",
  "flaky" : false,
  "newFailed" : false,
  "beforeStages" : [ {
    "name" : "browser_driver",
    "time" : {
      "start" : 1627195620661,
      "stop" : 1627195631405,
      "duration" : 10744
    },
    "status" : "passed",
    "steps" : [ ],
    "attachments" : [ ],
    "parameters" : [ ],
    "stepsCount" : 0,
    "attachmentsCount" : 0,
    "shouldDisplayMessage" : false,
    "hasContent" : false
  } ],
  "afterStages" : [ ],
  "labels" : [ {
    "name" : "parentSuite",
    "value" : "python-tests"
  }, {
    "name" : "suite",
    "value" : "test_login"
  }, {
    "name" : "host",
    "value" : "fv-az82-764"
  }, {
    "name" : "thread",
    "value" : "4097-MainThread"
  }, {
    "name" : "framework",
    "value" : "pytest"
  }, {
    "name" : "language",
    "value" : "cpython3"
  }, {
    "name" : "package",
    "value" : "python-tests.test_login"
  }, {
    "name" : "resultFormat",
    "value" : "allure2"
  } ],
  "parameters" : [ ],
  "links" : [ ],
  "hidden" : false,
  "retry" : false,
  "extra" : {
    "severity" : "normal",
    "retries" : [ ],
    "categories" : [ {
      "name" : "Test defects",
      "matchedStatuses" : [ ],
      "flaky" : false
    } ],
    "history" : {
      "statistic" : {
        "failed" : 0,
        "broken" : 4,
        "skipped" : 0,
        "passed" : 0,
        "unknown" : 0,
        "total" : 4
      },
      "items" : [ {
        "uid" : "861cccbaad0e18b",
        "reportUrl" : "https://Pilinger.github.io/conduit/11//#testresult/861cccbaad0e18b",
        "status" : "broken",
        "statusDetails" : "selenium.common.exceptions.TimeoutException: Message:",
        "time" : {
          "start" : 1627194423067,
          "stop" : 1627194434229,
          "duration" : 11162
        }
      }, {
        "uid" : "823117ff76c959b8",
        "reportUrl" : "https://Pilinger.github.io/conduit/10//#testresult/823117ff76c959b8",
        "status" : "broken",
        "statusDetails" : "selenium.common.exceptions.TimeoutException: Message:",
        "time" : {
          "start" : 1627162310630,
          "stop" : 1627162321821,
          "duration" : 11191
        }
      }, {
        "uid" : "b00db0dcef756d72",
        "reportUrl" : "https://Pilinger.github.io/conduit/9//#testresult/b00db0dcef756d72",
        "status" : "broken",
        "statusDetails" : "selenium.common.exceptions.TimeoutException: Message:",
        "time" : {
          "start" : 1627162013894,
          "stop" : 1627162025075,
          "duration" : 11181
        }
      } ]
    },
    "tags" : [ ]
  },
  "source" : "66d799aa421c1355.json",
  "parameterValues" : [ ]
}