{
  "uid" : "c1ffb2910be082a2",
  "name" : "test_decline_cookies",
  "fullName" : "python-tests.test_login#test_decline_cookies",
  "historyId" : "0969137086e22f64fb5f0405e5288f6f",
  "time" : {
    "start" : 1627195631451,
    "stop" : 1627195642918,
    "duration" : 11467
  },
  "status" : "broken",
  "statusMessage" : "selenium.common.exceptions.TimeoutException: Message:",
  "statusTrace" : "browser_driver = <selenium.webdriver.chrome.webdriver.WebDriver (session=\"7999f75d7e0d6813819495ad7fc2e769\")>\n\n    def test_decline_cookies(browser_driver):\n        time.sleep(1)\n        decline_xpath = '//div[@class=\"cookie__bar__buttons\"]/button'\n>       decline_buttons = WebDriverWait(browser_driver,\n                                        10).until(EC.visibility_of_any_elements_located((By.XPATH, decline_xpath)))\n\npython-tests/test_login.py:33: \n_ _ _ _ _ _ _ _ _ _ _ _ _ _ _ _ _ _ _ _ _ _ _ _ _ _ _ _ _ _ _ _ _ _ _ _ _ _ _ _ \n\nself = <selenium.webdriver.support.wait.WebDriverWait (session=\"7999f75d7e0d6813819495ad7fc2e769\")>\nmethod = <selenium.webdriver.support.expected_conditions.visibility_of_any_elements_located object at 0x7f97e44e0f70>\nmessage = ''\n\n    def until(self, method, message=''):\n        \"\"\"Calls the method provided with the driver as an argument until the \\\n        return value is not False.\"\"\"\n        screen = None\n        stacktrace = None\n    \n        end_time = time.time() + self._timeout\n        while True:\n            try:\n                value = method(self._driver)\n                if value:\n                    return value\n            except self._ignored_exceptions as exc:\n                screen = getattr(exc, 'screen', None)\n                stacktrace = getattr(exc, 'stacktrace', None)\n            time.sleep(self._poll)\n            if time.time() > end_time:\n                break\n>       raise TimeoutException(message, screen, stacktrace)\nE       selenium.common.exceptions.TimeoutException: Message:\n\n/opt/hostedtoolcache/Python/3.9.6/x64/lib/python3.9/site-packages/selenium/webdriver/support/wait.py:80: TimeoutException",
  "flaky" : false,
  "newFailed" : false,
  "beforeStages" : [ {
    "name" : "browser_driver",
    "time" : {
      "start" : 1627195620661,
      "stop" : 1627195631405,
      "duration" : 10744
    },
    "status" : "passed",
    "steps" : [ ],
    "attachments" : [ ],
    "parameters" : [ ],
    "stepsCount" : 0,
    "attachmentsCount" : 0,
    "shouldDisplayMessage" : false,
    "hasContent" : false
  } ],
  "testStage" : {
    "status" : "broken",
    "statusMessage" : "selenium.common.exceptions.TimeoutException: Message:",
    "statusTrace" : "browser_driver = <selenium.webdriver.chrome.webdriver.WebDriver (session=\"7999f75d7e0d6813819495ad7fc2e769\")>\n\n    def test_decline_cookies(browser_driver):\n        time.sleep(1)\n        decline_xpath = '//div[@class=\"cookie__bar__buttons\"]/button'\n>       decline_buttons = WebDriverWait(browser_driver,\n                                        10).until(EC.visibility_of_any_elements_located((By.XPATH, decline_xpath)))\n\npython-tests/test_login.py:33: \n_ _ _ _ _ _ _ _ _ _ _ _ _ _ _ _ _ _ _ _ _ _ _ _ _ _ _ _ _ _ _ _ _ _ _ _ _ _ _ _ \n\nself = <selenium.webdriver.support.wait.WebDriverWait (session=\"7999f75d7e0d6813819495ad7fc2e769\")>\nmethod = <selenium.webdriver.support.expected_conditions.visibility_of_any_elements_located object at 0x7f97e44e0f70>\nmessage = ''\n\n    def until(self, method, message=''):\n        \"\"\"Calls the method provided with the driver as an argument until the \\\n        return value is not False.\"\"\"\n        screen = None\n        stacktrace = None\n    \n        end_time = time.time() + self._timeout\n        while True:\n            try:\n                value = method(self._driver)\n                if value:\n                    return value\n            except self._ignored_exceptions as exc:\n                screen = getattr(exc, 'screen', None)\n                stacktrace = getattr(exc, 'stacktrace', None)\n            time.sleep(self._poll)\n            if time.time() > end_time:\n                break\n>       raise TimeoutException(message, screen, stacktrace)\nE       selenium.common.exceptions.TimeoutException: Message:\n\n/opt/hostedtoolcache/Python/3.9.6/x64/lib/python3.9/site-packages/selenium/webdriver/support/wait.py:80: TimeoutException",
    "steps" : [ ],
    "attachments" : [ {
      "uid" : "d2a88002ae5e3fef",
      "name" : "log",
      "source" : "d2a88002ae5e3fef.txt",
      "type" : "text/plain",
      "size" : 642
    }, {
      "uid" : "b701213f57bb8099",
      "name" : "stderr",
      "source" : "b701213f57bb8099.txt",
      "type" : "text/plain",
      "size" : 435
    } ],
    "parameters" : [ ],
    "stepsCount" : 0,
    "attachmentsCount" : 2,
    "shouldDisplayMessage" : true,
    "hasContent" : true
  },
  "afterStages" : [ ],
  "labels" : [ {
    "name" : "parentSuite",
    "value" : "python-tests"
  }, {
    "name" : "suite",
    "value" : "test_login"
  }, {
    "name" : "host",
    "value" : "fv-az82-764"
  }, {
    "name" : "thread",
    "value" : "4097-MainThread"
  }, {
    "name" : "framework",
    "value" : "pytest"
  }, {
    "name" : "language",
    "value" : "cpython3"
  }, {
    "name" : "package",
    "value" : "python-tests.test_login"
  }, {
    "name" : "resultFormat",
    "value" : "allure2"
  } ],
  "parameters" : [ ],
  "links" : [ ],
  "hidden" : false,
  "retry" : false,
  "extra" : {
    "severity" : "normal",
    "retries" : [ ],
    "categories" : [ {
      "name" : "Test defects",
      "matchedStatuses" : [ ],
      "flaky" : false
    } ],
    "history" : {
      "statistic" : {
        "failed" : 3,
        "broken" : 1,
        "skipped" : 0,
        "passed" : 0,
        "unknown" : 0,
        "total" : 4
      },
      "items" : [ {
        "uid" : "82800c965d1e8b16",
        "reportUrl" : "https://Pilinger.github.io/conduit/11//#testresult/82800c965d1e8b16",
        "status" : "failed",
        "statusDetails" : "AssertionError: assert 0 > 0\n +  where 0 = len([])",
        "time" : {
          "start" : 1627194422003,
          "stop" : 1627194423021,
          "duration" : 1018
        }
      }, {
        "uid" : "a421d1a865d7a425",
        "reportUrl" : "https://Pilinger.github.io/conduit/10//#testresult/a421d1a865d7a425",
        "status" : "failed",
        "statusDetails" : "AssertionError: assert 0 > 0\n +  where 0 = len([])",
        "time" : {
          "start" : 1627162309561,
          "stop" : 1627162310581,
          "duration" : 1020
        }
      }, {
        "uid" : "1116279231aaaf84",
        "reportUrl" : "https://Pilinger.github.io/conduit/9//#testresult/1116279231aaaf84",
        "status" : "failed",
        "statusDetails" : "AssertionError: assert 0 > 0\n +  where 0 = len([])",
        "time" : {
          "start" : 1627162012744,
          "stop" : 1627162013838,
          "duration" : 1094
        }
      } ]
    },
    "tags" : [ ]
  },
  "source" : "c1ffb2910be082a2.json",
  "parameterValues" : [ ]
}